[INFO] 06-08-2025 11:04:41 [main] [Tests.TestBase.setup(TestBase.java:17)] - Edge driver is opened
[INFO] 06-08-2025 11:04:44 [main] [Tests.TestBase.setup(TestBase.java:19)] - Page is redirected to the URL
[INFO] 06-08-2025 11:04:44 [main] [Listeners.ITestResultsListenerClass.onTestStart(ITestResultsListenerClass.java:11)] - Test case : validLoginTCstarted
[INFO] 06-08-2025 11:04:45 [main] [Listeners.ITestResultsListenerClass.onTestSuccess(ITestResultsListenerClass.java:16)] - Test case : validLoginTCpassed successfully
[INFO] 06-08-2025 11:04:50 [main] [Tests.TestBase.setup(TestBase.java:17)] - Edge driver is opened
[INFO] 06-08-2025 11:04:52 [main] [Tests.TestBase.setup(TestBase.java:19)] - Page is redirected to the URL
[INFO] 06-08-2025 11:04:52 [main] [Listeners.ITestResultsListenerClass.onTestStart(ITestResultsListenerClass.java:11)] - Test case : CheckingNumberOfSelectedProductsTCstarted
[INFO] 06-08-2025 11:04:53 [main] [Pages.P02_LandingPage.addAllProductsToCart(P02_LandingPage.java:47)] - number of all products:6
[INFO] 06-08-2025 11:04:54 [main] [Pages.P02_LandingPage.getNumberOfProductsOnCartIcon(P02_LandingPage.java:57)] - number of products on cart: 6
[INFO] 06-08-2025 11:04:54 [main] [Pages.P02_LandingPage.getNumberOfSelectedProducts(P02_LandingPage.java:68)] - selected products : 6
[INFO] 06-08-2025 11:04:54 [main] [Listeners.ITestResultsListenerClass.onTestSuccess(ITestResultsListenerClass.java:16)] - Test case : CheckingNumberOfSelectedProductsTCpassed successfully
[INFO] 06-08-2025 11:04:58 [main] [Tests.TestBase.setup(TestBase.java:17)] - Edge driver is opened
[INFO] 06-08-2025 11:05:00 [main] [Tests.TestBase.setup(TestBase.java:19)] - Page is redirected to the URL
[INFO] 06-08-2025 11:05:00 [main] [Listeners.ITestResultsListenerClass.onTestStart(ITestResultsListenerClass.java:11)] - Test case : addingRndomProductsToCartTCstarted
[ERROR] 06-08-2025 11:05:12 [main] [Pages.P02_LandingPage.getNumberOfProductsOnCartIcon(P02_LandingPage.java:60)] - Expected condition failed: waiting for visibility of element located by By.className: shopping_cart_badge (tried for ٥ second(s) with ٥٠٠ milliseconds interval)
Build info: version: '4.34.0', revision: '707dcb4246*'
System info: os.name: 'Windows 10', os.arch: 'amd64', os.version: '10.0', java.version: '24.0.1'
Driver info: org.openqa.selenium.edge.EdgeDriver
Capabilities {acceptInsecureCerts: false, browserName: MicrosoftEdge, browserVersion: 138.0.3351.121, fedcm:accounts: true, ms:edgeOptions: {debuggerAddress: localhost:14548}, msedge: {msedgedriverVersion: 137.0.3296.93 (114b4a913acd..., userDataDir: C:\Users\OMAREL~1\AppData\L...}, networkConnectionEnabled: false, pageLoadStrategy: normal, platformName: windows, proxy: Proxy(), se:cdp: ws://localhost:14548/devtoo..., se:cdpVersion: 138.0.3351.121, setWindowRect: true, strictFileInteractability: false, timeouts: {implicit: 0, pageLoad: 300000, script: 30000}, unhandledPromptBehavior: dismiss and notify, webauthn:extension:credBlob: true, webauthn:extension:largeBlob: true, webauthn:extension:minPinLength: true, webauthn:extension:prf: true, webauthn:virtualAuthenticators: true}
Session ID: 2632fd1fbd3a15656375c90d0955b7c0
[INFO] 06-08-2025 11:05:22 [main] [Pages.P02_LandingPage.getNumberOfSelectedProducts(P02_LandingPage.java:68)] - selected products : 0
[INFO] 06-08-2025 11:05:22 [main] [Listeners.ITestResultsListenerClass.onTestSuccess(ITestResultsListenerClass.java:16)] - Test case : addingRndomProductsToCartTCpassed successfully
[INFO] 06-08-2025 11:05:26 [main] [Tests.TestBase.setup(TestBase.java:17)] - Edge driver is opened
[INFO] 06-08-2025 11:05:27 [main] [Tests.TestBase.setup(TestBase.java:19)] - Page is redirected to the URL
[INFO] 06-08-2025 11:05:27 [main] [Listeners.ITestResultsListenerClass.onTestStart(ITestResultsListenerClass.java:11)] - Test case : comparingPricesTCstarted
[INFO] 06-08-2025 11:05:48 [main] [Listeners.IInvokedMethodListenerClass.afterInvocation(IInvokedMethodListenerClass.java:40)] - Test case comparingPricesTC failed
[ERROR] 06-08-2025 11:05:59 [main] [Listeners.IInvokedMethodListenerClass.afterInvocation(IInvokedMethodListenerClass.java:52)] - Exception while taking screenshots: no such element: Unable to locate element: {"method":"css selector","selector":".shopping_cart_badge"}
  (Session info: MicrosoftEdge=138.0.3351.121)
For documentation on this error, please visit: https://www.selenium.dev/documentation/webdriver/troubleshooting/errors#no-such-element-exception
Build info: version: '4.34.0', revision: '707dcb4246*'
System info: os.name: 'Windows 10', os.arch: 'amd64', os.version: '10.0', java.version: '24.0.1'
Driver info: org.openqa.selenium.edge.EdgeDriver
Command: [6e893ce6f19e0c8dae9a951d7a4bfe5d, findElement {using=class name, value=shopping_cart_badge}]
Capabilities {acceptInsecureCerts: false, browserName: MicrosoftEdge, browserVersion: 138.0.3351.121, fedcm:accounts: true, ms:edgeOptions: {debuggerAddress: localhost:14661}, msedge: {msedgedriverVersion: 137.0.3296.93 (114b4a913acd..., userDataDir: C:\Users\OMAREL~1\AppData\L...}, networkConnectionEnabled: false, pageLoadStrategy: normal, platformName: windows, proxy: Proxy(), se:cdp: ws://localhost:14661/devtoo..., se:cdpVersion: 138.0.3351.121, setWindowRect: true, strictFileInteractability: false, timeouts: {implicit: 0, pageLoad: 300000, script: 30000}, unhandledPromptBehavior: dismiss and notify, webauthn:extension:credBlob: true, webauthn:extension:largeBlob: true, webauthn:extension:minPinLength: true, webauthn:extension:prf: true, webauthn:virtualAuthenticators: true}
Session ID: 6e893ce6f19e0c8dae9a951d7a4bfe5d
[INFO] 06-08-2025 11:06:03 [main] [Tests.TestBase.setup(TestBase.java:17)] - Edge driver is opened
[INFO] 06-08-2025 11:06:05 [main] [Tests.TestBase.setup(TestBase.java:19)] - Page is redirected to the URL
[INFO] 06-08-2025 11:06:05 [main] [Listeners.ITestResultsListenerClass.onTestStart(ITestResultsListenerClass.java:11)] - Test case : checkoutStepOneTCstarted
[INFO] 06-08-2025 11:06:06 [main] [Pages.P02_LandingPage.addRandomProducts(P02_LandingPage.java:79)] - randomNumber1
[INFO] 06-08-2025 11:06:07 [main] [Pages.P02_LandingPage.addRandomProducts(P02_LandingPage.java:79)] - randomNumber2
[INFO] 06-08-2025 11:06:08 [main] [Tests.TC04_CheckoutTest.checkoutStepOneTC(TC04_CheckoutTest.java:46)] - ftest-٢٠٢٥-٠٨-٠٦-١١-٤-٢٩ص ltest-٢٠٢٥-٠٨-٠٦-١١-٤-٢٩ص 90249
[INFO] 06-08-2025 11:06:08 [main] [Listeners.ITestResultsListenerClass.onTestSuccess(ITestResultsListenerClass.java:16)] - Test case : checkoutStepOneTCpassed successfully
[INFO] 06-08-2025 11:06:18 [main] [Tests.TestBase.setup(TestBase.java:17)] - Edge driver is opened
[INFO] 06-08-2025 11:06:19 [main] [Tests.TestBase.setup(TestBase.java:19)] - Page is redirected to the URL
[INFO] 06-08-2025 11:06:19 [main] [Listeners.ITestResultsListenerClass.onTestStart(ITestResultsListenerClass.java:11)] - Test case : checkoutStepTwoTCstarted
[INFO] 06-08-2025 11:06:20 [main] [Pages.P02_LandingPage.addAllProductsToCart(P02_LandingPage.java:47)] - number of all products:6
[INFO] 06-08-2025 11:06:22 [main] [Tests.TC05_OverviewTest.checkoutStepTwoTC(TC05_OverviewTest.java:56)] - ftest-٢٠٢٥-٠٨-٠٦-١١-٤-٢٩ص ltest-٢٠٢٥-٠٨-٠٦-١١-٤-٢٩ص 99977
[INFO] 06-08-2025 11:06:22 [main] [Pages.P05_OverViewPage.calculateTotalPrice(P05_OverViewPage.java:48)] - Calculated Total Price: 140.34
[INFO] 06-08-2025 11:06:23 [main] [Pages.P05_OverViewPage.getTotal(P05_OverViewPage.java:39)] - Actual Total Price: 140.34
[INFO] 06-08-2025 11:06:23 [main] [Listeners.ITestResultsListenerClass.onTestSuccess(ITestResultsListenerClass.java:16)] - Test case : checkoutStepTwoTCpassed successfully
[INFO] 06-08-2025 11:06:28 [main] [Tests.TestBase.setup(TestBase.java:17)] - Edge driver is opened
[INFO] 06-08-2025 11:06:30 [main] [Tests.TestBase.setup(TestBase.java:19)] - Page is redirected to the URL
[INFO] 06-08-2025 11:06:30 [main] [Listeners.ITestResultsListenerClass.onTestStart(ITestResultsListenerClass.java:11)] - Test case : FinishOrderTCstarted
[INFO] 06-08-2025 11:06:31 [main] [Pages.P02_LandingPage.addAllProductsToCart(P02_LandingPage.java:47)] - number of all products:6
[INFO] 06-08-2025 11:06:33 [main] [Tests.TC06_FinishingOrderTest.FinishOrderTC(TC06_FinishingOrderTest.java:55)] - ftest-٢٠٢٥-٠٨-٠٦-١١-٤-٢٩ص ltest-٢٠٢٥-٠٨-٠٦-١١-٤-٢٩ص 36205
[INFO] 06-08-2025 11:06:33 [main] [Listeners.ITestResultsListenerClass.onTestSuccess(ITestResultsListenerClass.java:16)] - Test case : FinishOrderTCpassed successfully
